25-03-28 04:17:19.695 [main] INFO  n.e.journalApp.JournalApplication - Starting JournalApplication using Java 22.0.1 on DESKTOP-SAP6G6J with PID 6060 (C:\Users\a\Documents\SpringBoot\Projects\journalApp\target\classes started by a in C:\Users\a\Documents\SpringBoot\Projects\journalApp) 
25-03-28 04:17:19.710 [main] INFO  n.e.journalApp.JournalApplication - The following 1 profile is active: "dev" 
25-03-28 04:17:23.452 [main] INFO  o.s.d.r.c.RepositoryConfigurationDelegate - Bootstrapping Spring Data MongoDB repositories in DEFAULT mode. 
25-03-28 04:17:24.012 [main] INFO  o.s.d.r.c.RepositoryConfigurationDelegate - Finished Spring Data repository scanning in 478 ms. Found 2 MongoDB repository interfaces. 
25-03-28 04:17:25.457 [main] INFO  o.s.b.w.e.tomcat.TomcatWebServer - Tomcat initialized with port(s): 8080 (http) 
25-03-28 04:17:25.474 [main] INFO  o.a.coyote.http11.Http11NioProtocol - Initializing ProtocolHandler ["http-nio-8080"] 
25-03-28 04:17:25.478 [main] INFO  o.a.catalina.core.StandardService - Starting service [Tomcat] 
25-03-28 04:17:25.479 [main] INFO  o.a.catalina.core.StandardEngine - Starting Servlet engine: [Apache Tomcat/9.0.80] 
25-03-28 04:17:25.683 [main] INFO  o.a.c.c.C.[Tomcat].[localhost].[/] - Initializing Spring embedded WebApplicationContext 
25-03-28 04:17:25.683 [main] INFO  o.s.b.w.s.c.ServletWebServerApplicationContext - Root WebApplicationContext: initialization completed in 5688 ms 
25-03-28 04:17:26.190 [main] INFO  org.mongodb.driver.client - MongoClient with metadata {"driver": {"name": "mongo-java-driver|sync|spring-boot", "version": "4.6.1"}, "os": {"type": "Windows", "name": "Windows 10", "architecture": "amd64", "version": "10.0"}, "platform": "Java/Oracle Corporation/22.0.1+8-16"} created with settings MongoClientSettings{readPreference=primary, writeConcern=WriteConcern{w=null, wTimeout=null ms, journal=null}, retryWrites=true, retryReads=true, readConcern=ReadConcern{level=null}, credential=null, streamFactoryFactory=null, commandListeners=[], codecRegistry=ProvidersCodecRegistry{codecProviders=[ValueCodecProvider{}, BsonValueCodecProvider{}, DBRefCodecProvider{}, DBObjectCodecProvider{}, DocumentCodecProvider{}, IterableCodecProvider{}, MapCodecProvider{}, GeoJsonCodecProvider{}, GridFSFileCodecProvider{}, Jsr310CodecProvider{}, JsonObjectCodecProvider{}, BsonCodecProvider{}, EnumCodecProvider{}, com.mongodb.Jep395RecordCodecProvider@33f17289]}, clusterSettings={hosts=[localhost:27017], srvServiceName=mongodb, mode=SINGLE, requiredClusterType=UNKNOWN, requiredReplicaSetName='null', serverSelector='null', clusterListeners='[]', serverSelectionTimeout='30000 ms', localThreshold='30000 ms'}, socketSettings=SocketSettings{connectTimeoutMS=10000, readTimeoutMS=0, receiveBufferSize=0, sendBufferSize=0}, heartbeatSocketSettings=SocketSettings{connectTimeoutMS=10000, readTimeoutMS=10000, receiveBufferSize=0, sendBufferSize=0}, connectionPoolSettings=ConnectionPoolSettings{maxSize=100, minSize=0, maxWaitTimeMS=120000, maxConnectionLifeTimeMS=0, maxConnectionIdleTimeMS=0, maintenanceInitialDelayMS=0, maintenanceFrequencyMS=60000, connectionPoolListeners=[], maxConnecting=2}, serverSettings=ServerSettings{heartbeatFrequencyMS=10000, minHeartbeatFrequencyMS=500, serverListeners='[]', serverMonitorListeners='[]'}, sslSettings=SslSettings{enabled=false, invalidHostNameAllowed=false, context=null}, applicationName='null', compressorList=[], uuidRepresentation=JAVA_LEGACY, serverApi=null, autoEncryptionSettings=null, contextProvider=null} 
25-03-28 04:17:26.230 [cluster-rtt-ClusterId{value='67e5d57ee4efe4381feef628', description='null'}-localhost:27017] INFO  org.mongodb.driver.connection - Opened connection [connectionId{localValue:1, serverValue:5}] to localhost:27017 
25-03-28 04:17:26.230 [cluster-ClusterId{value='67e5d57ee4efe4381feef628', description='null'}-localhost:27017] INFO  org.mongodb.driver.connection - Opened connection [connectionId{localValue:2, serverValue:4}] to localhost:27017 
25-03-28 04:17:26.238 [cluster-ClusterId{value='67e5d57ee4efe4381feef628', description='null'}-localhost:27017] INFO  org.mongodb.driver.cluster - Monitor thread successfully connected to server with description ServerDescription{address=localhost:27017, type=STANDALONE, state=CONNECTED, ok=true, minWireVersion=0, maxWireVersion=17, maxDocumentSize=16777216, logicalSessionTimeoutMinutes=30, roundTripTimeNanos=64920500} 
25-03-28 04:17:26.927 [main] INFO  org.mongodb.driver.connection - Opened connection [connectionId{localValue:3, serverValue:6}] to localhost:27017 
25-03-28 04:17:27.945 [main] INFO  o.s.s.web.DefaultSecurityFilterChain - Will secure any request with [org.springframework.security.web.session.DisableEncodeUrlFilter@7f4e5a39, org.springframework.security.web.context.request.async.WebAsyncManagerIntegrationFilter@33de7f3d, org.springframework.security.web.context.SecurityContextPersistenceFilter@a316f6b, org.springframework.security.web.header.HeaderWriterFilter@55c1ced9, org.springframework.security.web.authentication.logout.LogoutFilter@3f6c2763, org.springframework.security.web.authentication.www.BasicAuthenticationFilter@2dac2e1b, org.springframework.security.web.savedrequest.RequestCacheAwareFilter@410fc508, org.springframework.security.web.servletapi.SecurityContextHolderAwareRequestFilter@4e17442f, org.springframework.security.web.authentication.AnonymousAuthenticationFilter@30159886, org.springframework.security.web.session.SessionManagementFilter@70b33256, org.springframework.security.web.access.ExceptionTranslationFilter@10a907ec, org.springframework.security.web.access.intercept.FilterSecurityInterceptor@26d0ece6] 
25-03-28 04:17:28.761 [main] INFO  o.a.coyote.http11.Http11NioProtocol - Starting ProtocolHandler ["http-nio-8080"] 
25-03-28 04:17:28.809 [main] INFO  o.s.b.w.e.tomcat.TomcatWebServer - Tomcat started on port(s): 8080 (http) with context path '' 
25-03-28 04:17:28.828 [main] INFO  n.e.journalApp.JournalApplication - Started JournalApplication in 10.474 seconds (JVM running for 11.805) 
25-03-28 04:17:33.969 [http-nio-8080-exec-2] INFO  o.a.c.c.C.[Tomcat].[localhost].[/] - Initializing Spring DispatcherServlet 'dispatcherServlet' 
25-03-28 04:17:33.970 [http-nio-8080-exec-2] INFO  o.s.web.servlet.DispatcherServlet - Initializing Servlet 'dispatcherServlet' 
25-03-28 04:17:33.973 [http-nio-8080-exec-2] INFO  o.s.web.servlet.DispatcherServlet - Completed initialization in 2 ms 
