25-03-30 09:28:11.108 [main] INFO  n.e.journalApp.JournalApplication - Starting JournalApplication using Java 22.0.1 on DESKTOP-SAP6G6J with PID 4248 (C:\Users\a\Documents\SpringBoot\Projects\journalApp\target\classes started by a in C:\Users\a\Documents\SpringBoot\Projects\journalApp) 
25-03-30 09:28:11.129 [main] INFO  n.e.journalApp.JournalApplication - The following 1 profile is active: "dev" 
25-03-30 09:28:12.787 [main] INFO  o.s.d.r.c.RepositoryConfigurationDelegate - Bootstrapping Spring Data MongoDB repositories in DEFAULT mode. 
25-03-30 09:28:12.914 [main] INFO  o.s.d.r.c.RepositoryConfigurationDelegate - Finished Spring Data repository scanning in 116 ms. Found 3 MongoDB repository interfaces. 
25-03-30 09:28:14.192 [main] INFO  o.s.b.w.e.tomcat.TomcatWebServer - Tomcat initialized with port(s): 8080 (http) 
25-03-30 09:28:14.210 [main] INFO  o.a.coyote.http11.Http11NioProtocol - Initializing ProtocolHandler ["http-nio-8080"] 
25-03-30 09:28:14.213 [main] INFO  o.a.catalina.core.StandardService - Starting service [Tomcat] 
25-03-30 09:28:14.214 [main] INFO  o.a.catalina.core.StandardEngine - Starting Servlet engine: [Apache Tomcat/9.0.80] 
25-03-30 09:28:14.433 [main] INFO  o.a.c.c.C.[Tomcat].[localhost].[/] - Initializing Spring embedded WebApplicationContext 
25-03-30 09:28:14.434 [main] INFO  o.s.b.w.s.c.ServletWebServerApplicationContext - Root WebApplicationContext: initialization completed in 3068 ms 
25-03-30 09:28:14.908 [main] INFO  org.mongodb.driver.client - MongoClient with metadata {"driver": {"name": "mongo-java-driver|sync|spring-boot", "version": "4.6.1"}, "os": {"type": "Windows", "name": "Windows 10", "architecture": "amd64", "version": "10.0"}, "platform": "Java/Oracle Corporation/22.0.1+8-16"} created with settings MongoClientSettings{readPreference=primary, writeConcern=WriteConcern{w=null, wTimeout=null ms, journal=null}, retryWrites=true, retryReads=true, readConcern=ReadConcern{level=null}, credential=null, streamFactoryFactory=null, commandListeners=[], codecRegistry=ProvidersCodecRegistry{codecProviders=[ValueCodecProvider{}, BsonValueCodecProvider{}, DBRefCodecProvider{}, DBObjectCodecProvider{}, DocumentCodecProvider{}, IterableCodecProvider{}, MapCodecProvider{}, GeoJsonCodecProvider{}, GridFSFileCodecProvider{}, Jsr310CodecProvider{}, JsonObjectCodecProvider{}, BsonCodecProvider{}, EnumCodecProvider{}, com.mongodb.Jep395RecordCodecProvider@53d9826f]}, clusterSettings={hosts=[localhost:27017], srvServiceName=mongodb, mode=SINGLE, requiredClusterType=UNKNOWN, requiredReplicaSetName='null', serverSelector='null', clusterListeners='[]', serverSelectionTimeout='30000 ms', localThreshold='30000 ms'}, socketSettings=SocketSettings{connectTimeoutMS=10000, readTimeoutMS=0, receiveBufferSize=0, sendBufferSize=0}, heartbeatSocketSettings=SocketSettings{connectTimeoutMS=10000, readTimeoutMS=10000, receiveBufferSize=0, sendBufferSize=0}, connectionPoolSettings=ConnectionPoolSettings{maxSize=100, minSize=0, maxWaitTimeMS=120000, maxConnectionLifeTimeMS=0, maxConnectionIdleTimeMS=0, maintenanceInitialDelayMS=0, maintenanceFrequencyMS=60000, connectionPoolListeners=[], maxConnecting=2}, serverSettings=ServerSettings{heartbeatFrequencyMS=10000, minHeartbeatFrequencyMS=500, serverListeners='[]', serverMonitorListeners='[]'}, sslSettings=SslSettings{enabled=false, invalidHostNameAllowed=false, context=null}, applicationName='null', compressorList=[], uuidRepresentation=JAVA_LEGACY, serverApi=null, autoEncryptionSettings=null, contextProvider=null} 
25-03-30 09:28:14.934 [cluster-rtt-ClusterId{value='67e8c15650b41d3b15c7fe59', description='null'}-localhost:27017] INFO  org.mongodb.driver.connection - Opened connection [connectionId{localValue:1, serverValue:19}] to localhost:27017 
25-03-30 09:28:14.934 [cluster-ClusterId{value='67e8c15650b41d3b15c7fe59', description='null'}-localhost:27017] INFO  org.mongodb.driver.connection - Opened connection [connectionId{localValue:2, serverValue:18}] to localhost:27017 
25-03-30 09:28:14.935 [cluster-ClusterId{value='67e8c15650b41d3b15c7fe59', description='null'}-localhost:27017] INFO  org.mongodb.driver.cluster - Monitor thread successfully connected to server with description ServerDescription{address=localhost:27017, type=STANDALONE, state=CONNECTED, ok=true, minWireVersion=0, maxWireVersion=17, maxDocumentSize=16777216, logicalSessionTimeoutMinutes=30, roundTripTimeNanos=51578800} 
25-03-30 09:28:15.561 [main] INFO  org.mongodb.driver.connection - Opened connection [connectionId{localValue:3, serverValue:20}] to localhost:27017 
25-03-30 09:28:16.501 [main] INFO  o.s.s.web.DefaultSecurityFilterChain - Will secure any request with [org.springframework.security.web.session.DisableEncodeUrlFilter@6704df84, org.springframework.security.web.context.request.async.WebAsyncManagerIntegrationFilter@1412682c, org.springframework.security.web.context.SecurityContextPersistenceFilter@7de35070, org.springframework.security.web.header.HeaderWriterFilter@69a373fd, org.springframework.security.web.authentication.logout.LogoutFilter@677cb96e, org.springframework.security.web.authentication.www.BasicAuthenticationFilter@7c91fe86, org.springframework.security.web.savedrequest.RequestCacheAwareFilter@7c901203, org.springframework.security.web.servletapi.SecurityContextHolderAwareRequestFilter@1e721583, org.springframework.security.web.authentication.AnonymousAuthenticationFilter@53bb71e5, org.springframework.security.web.session.SessionManagementFilter@55c50f52, org.springframework.security.web.access.ExceptionTranslationFilter@6fb22ae3, org.springframework.security.web.access.intercept.FilterSecurityInterceptor@42730828] 
25-03-30 09:28:17.177 [main] INFO  o.a.coyote.http11.Http11NioProtocol - Starting ProtocolHandler ["http-nio-8080"] 
25-03-30 09:28:17.222 [main] INFO  o.s.b.w.e.tomcat.TomcatWebServer - Tomcat started on port(s): 8080 (http) with context path '' 
25-03-30 09:28:17.237 [main] INFO  n.e.journalApp.JournalApplication - Started JournalApplication in 7.253 seconds (JVM running for 8.737) 
25-03-30 09:28:21.581 [http-nio-8080-exec-2] INFO  o.a.c.c.C.[Tomcat].[localhost].[/] - Initializing Spring DispatcherServlet 'dispatcherServlet' 
25-03-30 09:28:21.582 [http-nio-8080-exec-2] INFO  o.s.web.servlet.DispatcherServlet - Initializing Servlet 'dispatcherServlet' 
25-03-30 09:28:21.588 [http-nio-8080-exec-2] INFO  o.s.web.servlet.DispatcherServlet - Completed initialization in 5 ms 
